########### array before sorts ###########
0	0.000000	0.000000	52.502000	0.127000	n
1	52.502000	0.127000	52.375000	52.441000	n
2	52.375000	52.441000	0.127000	52.441000	n
3	0.127000	52.441000	0.000000	0.000000	n
4	51.562000	26.035000	51.344699	29.350365	n
5	51.344699	29.350365	50.696516	32.609004	n
6	50.696516	32.609004	48.159045	38.735000	n
7	48.159045	38.735000	44.122512	43.995512	n
8	44.122512	43.995512	38.862000	48.032045	n
9	38.862000	48.032045	32.736004	50.569516	n
10	32.736004	50.569516	26.162000	51.435000	n
11	26.162000	51.435000	19.587996	50.569516	n
12	19.587996	50.569516	13.462000	48.032045	n
13	13.462000	48.032045	8.201488	43.995512	n
14	8.201488	43.995512	4.164955	38.735000	n
15	4.164955	38.735000	1.627484	32.609004	n
16	1.627484	32.609004	0.762000	26.035000	n
17	0.762000	26.035000	1.627484	19.460996	n
18	1.627484	19.460996	4.164955	13.335000	n
19	4.164955	13.335000	8.201488	8.074488	n
20	8.201488	8.074488	13.462000	4.037955	n
21	13.462000	4.037955	19.587996	1.500484	n
22	19.587996	1.500484	26.162000	0.635000	n
23	26.162000	0.635000	32.736004	1.500484	n
24	32.736004	1.500484	38.862000	4.037955	n
25	38.862000	4.037955	44.122512	8.074488	n
26	44.122512	8.074488	48.159045	13.335000	n
27	48.159045	13.335000	50.696516	19.460996	n
28	50.696516	19.460996	51.562000	26.035000	n
Tolerance=0.050000.
*Exact match for i=0 and j=1.
*i point 0.000000	0.000000	52.502000	0.127000	y
*Exact match for i=1 and j=2.
*i point 52.502000	0.127000	52.375000	52.441000	y
*Exact match for i=2 and j=3.
*i point 52.375000	52.441000	0.127000	52.441000	y
*Exact match for i=4 and j=5.
*i point 51.562000	26.035000	51.344699	29.350365	y
*Exact match for i=5 and j=6.
*i point 51.344699	29.350365	50.696516	32.609004	y
*Exact match for i=6 and j=7.
*i point 50.696516	32.609004	48.159045	38.735000	y
*Exact match for i=7 and j=8.
*i point 48.159045	38.735000	44.122512	43.995512	y
*Exact match for i=8 and j=9.
*i point 44.122512	43.995512	38.862000	48.032045	y
*Exact match for i=9 and j=10.
*i point 38.862000	48.032045	32.736004	50.569516	y
*Exact match for i=10 and j=11.
*i point 32.736004	50.569516	26.162000	51.435000	y
*Exact match for i=11 and j=12.
*i point 26.162000	51.435000	19.587996	50.569516	y
*Exact match for i=12 and j=13.
*i point 19.587996	50.569516	13.462000	48.032045	y
*Exact match for i=13 and j=14.
*i point 13.462000	48.032045	8.201488	43.995512	y
*Exact match for i=14 and j=15.
*i point 8.201488	43.995512	4.164955	38.735000	y
*Exact match for i=15 and j=16.
*i point 4.164955	38.735000	1.627484	32.609004	y
*Exact match for i=16 and j=17.
*i point 1.627484	32.609004	0.762000	26.035000	y
*Exact match for i=17 and j=18.
*i point 0.762000	26.035000	1.627484	19.460996	y
*Exact match for i=18 and j=19.
*i point 1.627484	19.460996	4.164955	13.335000	y
*Exact match for i=19 and j=20.
*i point 4.164955	13.335000	8.201488	8.074488	y
*Exact match for i=20 and j=21.
*i point 8.201488	8.074488	13.462000	4.037955	y
*Exact match for i=21 and j=22.
*i point 13.462000	4.037955	19.587996	1.500484	y
*Exact match for i=22 and j=23.
*i point 19.587996	1.500484	26.162000	0.635000	y
*Exact match for i=23 and j=24.
*i point 26.162000	0.635000	32.736004	1.500484	y
*Exact match for i=24 and j=25.
*i point 32.736004	1.500484	38.862000	4.037955	y
*Exact match for i=25 and j=26.
*i point 38.862000	4.037955	44.122512	8.074488	y
*Exact match for i=26 and j=27.
*i point 44.122512	8.074488	48.159045	13.335000	y
*Exact match for i=27 and j=28.
*i point 48.159045	13.335000	50.696516	19.460996	y
########### array after sorts ###########
0	0.000000	0.000000	52.502000	0.127000	y
1	52.502000	0.127000	52.375000	52.441000	y
2	52.375000	52.441000	0.127000	52.441000	y
3	0.127000	52.441000	0.000000	0.000000	y
4	51.562000	26.035000	51.344699	29.350365	y
5	51.344699	29.350365	50.696516	32.609004	y
6	50.696516	32.609004	48.159045	38.735000	y
7	48.159045	38.735000	44.122512	43.995512	y
8	44.122512	43.995512	38.862000	48.032045	y
9	38.862000	48.032045	32.736004	50.569516	y
10	32.736004	50.569516	26.162000	51.435000	y
11	26.162000	51.435000	19.587996	50.569516	y
12	19.587996	50.569516	13.462000	48.032045	y
13	13.462000	48.032045	8.201488	43.995512	y
14	8.201488	43.995512	4.164955	38.735000	y
15	4.164955	38.735000	1.627484	32.609004	y
16	1.627484	32.609004	0.762000	26.035000	y
17	0.762000	26.035000	1.627484	19.460996	y
18	1.627484	19.460996	4.164955	13.335000	y
19	4.164955	13.335000	8.201488	8.074488	y
20	8.201488	8.074488	13.462000	4.037955	y
21	13.462000	4.037955	19.587996	1.500484	y
22	19.587996	1.500484	26.162000	0.635000	y
23	26.162000	0.635000	32.736004	1.500484	y
24	32.736004	1.500484	38.862000	4.037955	y
25	38.862000	4.037955	44.122512	8.074488	y
26	44.122512	8.074488	48.159045	13.335000	y
27	48.159045	13.335000	50.696516	19.460996	y
28	50.696516	19.460996	51.562000	26.035000	y
***************
.BOARD_OUTLINE UNOWNED
1.6
0     0.000000     0.000000     0
0     52.502000     0.127000     0
0     52.375000     52.441000     0
0     0.127000     52.441000     0
0     0.000000     0.000000     0
1     51.562000     26.035000     0
1     51.344699     29.350365     0
1     50.696516     32.609004     0
1     48.159045     38.735000     0
1     44.122512     43.995512     0
1     38.862000     48.032045     0
1     32.736004     50.569516     0
1     26.162000     51.435000     0
1     19.587996     50.569516     0
1     13.462000     48.032045     0
1     8.201488     43.995512     0
1     4.164955     38.735000     0
1     1.627484     32.609004     0
1     0.762000     26.035000     0
1     1.627484     19.460996     0
1     4.164955     13.335000     0
1     8.201488     8.074488     0
1     13.462000     4.037955     0
1     19.587996     1.500484     0
1     26.162000     0.635000     0
1     32.736004     1.500484     0
1     38.862000     4.037955     0
1     44.122512     8.074488     0
1     48.159045     13.335000     0
1     50.696516     19.460996     0
1     51.562000     26.035000     0
